app/seeds.txt
com.namgyuworld.voca.BuildConfig
com.namgyuworld.voca.BuildConfig: boolean DEBUG
com.namgyuworld.voca.BuildConfig: java.lang.String APPLICATION_ID
com.namgyuworld.voca.BuildConfig: java.lang.String BUILD_TYPE
com.namgyuworld.voca.BuildConfig: java.lang.String FLAVOR
com.namgyuworld.voca.BuildConfig: int VERSION_CODE
com.namgyuworld.voca.BuildConfig: java.lang.String VERSION_NAME
com.namgyuworld.voca.BuildConfig: BuildConfig()
com.namgyuworld.voca.MainActivity
com.namgyuworld.voca.MainActivity: android.os.Handler mHanlder
com.namgyuworld.voca.MainActivity: MainActivity()
com.namgyuworld.voca.MainActivity: void onCreate(android.os.Bundle)
com.namgyuworld.voca.MainActivity: void onClick(android.view.View)
com.namgyuworld.voca.MainActivity: void onStart()
com.namgyuworld.voca.MainActivity: void onStop()
com.namgyuworld.voca.MainActivity: void onResume()
com.namgyuworld.voca.MainActivity: void RefreshVocaPage()
com.namgyuworld.voca.MainActivity: void addView(android.view.View)
com.namgyuworld.voca.MainActivity: void removeView(android.view.View)
com.namgyuworld.voca.MainActivity: android.view.View getCurrentPage()
com.namgyuworld.voca.MainActivity: void setCurrentPage(android.view.View)
com.namgyuworld.voca.MainActivity: void onBackPressed()
com.namgyuworld.voca.MainActivity: boolean onKeyUp(int,android.view.KeyEvent)
com.namgyuworld.voca.Manifest
com.namgyuworld.voca.Manifest: Manifest()
com.namgyuworld.voca.Manifest$permission
com.namgyuworld.voca.Manifest$permission: java.lang.String C2D_MESSAGE
com.namgyuworld.voca.Manifest$permission: Manifest$permission()
com.namgyuworld.voca.MyApplication
com.namgyuworld.voca.MyApplication: MyApplication()
com.namgyuworld.voca.MyApplication: com.google.android.gms.analytics.Tracker getTracker(com.namgyuworld.voca.MyApplication$TrackerName)
com.namgyuworld.voca.MyApplication$TrackerName
com.namgyuworld.voca.MyApplication$TrackerName: com.namgyuworld.voca.MyApplication$TrackerName APP_TRACKER
com.namgyuworld.voca.MyApplication$TrackerName: com.namgyuworld.voca.MyApplication$TrackerName GLOBAL_TRACKER
com.namgyuworld.voca.MyApplication$TrackerName: com.namgyuworld.voca.MyApplication$TrackerName ECOMMERCE_TRACKER
com.namgyuworld.voca.MyApplication$TrackerName: com.namgyuworld.voca.MyApplication$TrackerName[] values()
com.namgyuworld.voca.MyApplication$TrackerName: com.namgyuworld.voca.MyApplication$TrackerName valueOf(java.lang.String)
com.namgyuworld.voca.R
com.namgyuworld.voca.R: R()
com.namgyuworld.voca.R$anim
com.namgyuworld.voca.R$anim: int abc_fade_in
com.namgyuworld.voca.R$anim: int abc_fade_out
com.namgyuworld.voca.R$anim: int abc_grow_fade_in_from_bottom
com.namgyuworld.voca.R$anim: int abc_popup_enter
com.namgyuworld.voca.R$anim: int abc_popup_exit
com.namgyuworld.voca.R$anim: int abc_shrink_fade_out_from_bottom
com.namgyuworld.voca.R$anim: int abc_slide_in_bottom
com.namgyuworld.voca.R$anim: int abc_slide_in_top
com.namgyuworld.voca.R$anim: int abc_slide_out_bottom
com.namgyuworld.voca.R$anim: int abc_slide_out_top
com.namgyuworld.voca.R$anim: int activity_incoming_from_left
com.namgyuworld.voca.R$anim: int activity_incoming_from_right
com.namgyuworld.voca.R$anim: int activity_outgoing_to_left
com.namgyuworld.voca.R$anim: int activity_outgoing_to_right
com.namgyuworld.voca.R$anim: R$anim()
...
com.google.android.gms.internal.zzs$zza
com.google.android.gms.internal.zzs$zza: com.google.android.gms.internal.zzs zzb(android.os.IBinder)
com.google.android.gms.internal.zzs$zza: boolean onTransact(int,android.os.Parcel,android.os.Parcel,int)
com.google.android.gms.internal.zzt
com.google.android.gms.internal.zzt: zzt(android.content.Context,com.google.android.gms.internal.zzba,java.lang.String,com.google.android.gms.internal.zzdr,com.google.android.gms.internal.zzhy)
com.google.android.gms.internal.zzt: void destroy()
com.google.android.gms.internal.zzt: com.google.android.gms.dynamic.zzd zzac()
com.google.android.gms.internal.zzt: com.google.android.gms.internal.zzba zzad()
com.google.android.gms.internal.zzt: boolean isReady()
com.google.android.gms.internal.zzt: boolean zza(com.google.android.gms.internal.zzax)
com.google.android.gms.internal.zzt: void zza(com.google.android.gms.internal.zzhe$zza)
com.google.android.gms.internal.zzt: void zza(com.google.android.gms.internal.zzhe)
com.google.android.gms.internal.zzt: void zzb(android.view.View)
com.google.android.gms.internal.zzt: void onAdClicked()
com.google.android.gms.internal.zzt: void zzae()
com.google.android.gms.internal.zzt: void zzaf()
com.google.android.gms.internal.zzt: void zzag()
com.google.android.gms.internal.zzt: void onAppEvent(java.lang.String,java.lang.String)
com.google.android.gms.internal.zzt: void zza(java.lang.String,java.util.ArrayList)
com.google.android.gms.internal.zzt: void zza(java.lang.String,boolean,int,android.content.Intent,com.google.android.gms.internal.zzfg)
com.google.android.gms.internal.zzt: void zzah()
com.google.android.gms.internal.zzt: void zzai()
com.google.android.gms.internal.zzt: void zzaj()
com.google.android.gms.internal.zzt$zza
com.google.android.gms.internal.zzt$zza: zzt$zza(android.content.Context)
com.google.android.gms.internal.zzt$zza: boolean onInterceptTouchEvent(android.view.MotionEvent)
com.google.android.gms.internal.zzt$zza: void removeAllViews()
com.google.android.gms.internal.zzta
com.google.android.gms.internal.zzta: java.lang.String zzrx()
com.google.android.gms.internal.zzta: boolean zzry()
com.google.android.gms.internal.zzta: boolean zzrz()
com.google.android.gms.internal.zzta: java.lang.String zzgL()
com.google.android.gms.internal.zzta$zza
com.google.android.gms.internal.zzta$zza: zzta$zza(java.lang.String)
com.google.android.gms.internal.zzta$zza: com.google.android.gms.internal.zzta$zza zzab(boolean)
com.google.android.gms.internal.zzta$zza: com.google.android.gms.internal.zzta$zza zzac(boolean)
com.google.android.gms.internal.zzta$zza: com.google.android.gms.internal.zzta$zza zzcA(java.lang.String)
com.google.android.gms.internal.zzta$zza: com.google.android.gms.internal.zzta zzrA()
com.google.android.gms.internal.zztb
com.google.android.gms.internal.zztb: com.google.android.gms.internal.zztb zzah(android.content.Context)
com.google.android.gms.internal.zztb: void zza(com.google.android.gms.internal.zzta)
com.google.android.gms.internal.zztb: com.google.android.gms.internal.zzta zzrB()
com.google.android.gms.internal.zztb: void start()
com.google.android.gms.internal.zztb: void zza(com.google.android.gms.internal.zztb$zza)
com.google.android.gms.internal.zztb$zza
com.google.android.gms.internal.zztb$zza: void zzaE()
com.google.android.gms.internal.zztc
com.google.android.gms.internal.zztc: zztc(android.content.Context,int)
com.google.android.gms.internal.zztc: zztc(android.content.Context,int,java.lang.String)
com.google.android.gms.internal.zztc: zztc(android.content.Context,int,java.lang.String,java.lang.String,boolean)
com.google.android.gms.internal.zztc: void zza(java.lang.String,byte[],java.lang.String[])
com.google.android.gms.internal.zztc: void send()
com.google.android.gms.internal.zztc: void zzrE()
com.google.android.gms.internal.zztc: void zzf(android.app.PendingIntent)
com.google.android.gms.internal.zztc: void zzrF()