app/mapping.txt
com.namgyuworld.voca.BuildConfig -> com.namgyuworld.voca.BuildConfig:
    boolean DEBUG -> DEBUG
    java.lang.String APPLICATION_ID -> APPLICATION_ID
    java.lang.String BUILD_TYPE -> BUILD_TYPE
    java.lang.String FLAVOR -> FLAVOR
    int VERSION_CODE -> VERSION_CODE
    java.lang.String VERSION_NAME -> VERSION_NAME
com.namgyuworld.voca.MainActivity -> com.namgyuworld.voca.MainActivity:
    java.lang.String TAG -> b
    com.namgyuworld.voca.util.Logger LOG -> c
    android.support.v4.view.ViewPager pager -> d
    com.namgyuworld.voca.adapter.MainPagerAdapter pagerAdapter -> e
    com.namgyuworld.voca.customview.TopMenuBar mTopMenuBar -> f
    java.util.List mList -> g
    com.namgyuworld.voca.customview.VocaSeekBar mVocaSeekBar -> h
    boolean exitFlag -> i
    com.namgyuworld.voca.util.SharedPrefUtil mPref -> a
    android.os.Handler mHanlder -> mHanlder
    67:140:void onCreate(android.os.Bundle) -> onCreate
    143:158:void init() -> a
    164:180:void onClick(android.view.View) -> onClick
    187:192:void startGoogleAnalytics() -> b
    196:201:void onStart() -> onStart
    205:209:void onStop() -> onStop
    213:243:void onResume() -> onResume
    249:282:void RefreshVocaPage() -> RefreshVocaPage
    287:290:void addView(android.view.View) -> addView
    295:300:void removeView(android.view.View) -> removeView
    305:305:android.view.View getCurrentPage() -> getCurrentPage
    312:313:void setCurrentPage(android.view.View) -> setCurrentPage
    317:336:void onBackPressed() -> onBackPressed
    343:350:boolean onKeyUp(int,android.view.KeyEvent) -> onKeyUp
    39:39:java.util.List access$000(com.namgyuworld.voca.MainActivity) -> a
    39:39:com.namgyuworld.voca.customview.TopMenuBar access$100(com.namgyuworld.voca.MainActivity) -> b
com.namgyuworld.voca.MainActivity$1 -> bdp:
    com.namgyuworld.voca.MainActivity this$0 -> a
    87:87:void onPageScrolled(int,float,int) -> onPageScrolled
    92:102:void onPageSelected(int) -> onPageSelected
    107:107:void onPageScrollStateChanged(int) -> onPageScrollStateChanged
com.namgyuworld.voca.MainActivity$2 -> bdq:
    com.namgyuworld.voca.MainActivity this$0 -> a
    124:134:void handleMessage(android.os.Message) -> handleMessage
com.namgyuworld.voca.MainActivity$3 -> bdr:
    com.namgyuworld.voca.MainActivity this$0 -> a
    230:231:void onProgressChanged(android.widget.SeekBar,int,boolean) -> onProgressChanged
    236:236:void onStartTrackingTouch(android.widget.SeekBar) -> onStartTrackingTouch
    241:241:void onStopTrackingTouch(android.widget.SeekBar) -> onStopTrackingTouch
com.namgyuworld.voca.MainActivity$4 -> bds:
    com.namgyuworld.voca.MainActivity this$0 -> a
    333:334:void run() -> run
com.namgyuworld.voca.Manifest -> com.namgyuworld.voca.Manifest:
com.namgyuworld.voca.Manifest$permission -> com.namgyuworld.voca.Manifest$permission:
    java.lang.String C2D_MESSAGE -> C2D_MESSAGE
com.namgyuworld.voca.MyApplication -> com.namgyuworld.voca.MyApplication:
    java.lang.String PROPERTY_ID -> b
    java.util.HashMap mTrackers -> a
    34:43:com.google.android.gms.analytics.Tracker getTracker(com.namgyuworld.voca.MyApplication$TrackerName) -> getTracker
com.namgyuworld.voca.MyApplication$TrackerName -> com.namgyuworld.voca.MyApplication$TrackerName:
    com.namgyuworld.voca.MyApplication$TrackerName APP_TRACKER -> APP_TRACKER
    com.namgyuworld.voca.MyApplication$TrackerName GLOBAL_TRACKER -> GLOBAL_TRACKER
    com.namgyuworld.voca.MyApplication$TrackerName ECOMMERCE_TRACKER -> ECOMMERCE_TRACKER
    com.namgyuworld.voca.MyApplication$TrackerName[] $VALUES -> a
    25:25:com.namgyuworld.voca.MyApplication$TrackerName[] values() -> values
    25:25:com.namgyuworld.voca.MyApplication$TrackerName valueOf(java.lang.String) -> valueOf
com.namgyuworld.voca.R -> com.namgyuworld.voca.R:
...
android.support.v4.widget.TextViewCompatJbMr2 -> us:
    29:30:void setCompoundDrawablesRelative(android.widget.TextView,android.graphics.drawable.Drawable,android.graphics.drawable.Drawable,android.graphics.drawable.Drawable,android.graphics.drawable.Drawable) -> a
    35:36:void setCompoundDrawablesRelativeWithIntrinsicBounds(android.widget.TextView,android.graphics.drawable.Drawable,android.graphics.drawable.Drawable,android.graphics.drawable.Drawable,android.graphics.drawable.Drawable) -> b
    40:41:void setCompoundDrawablesRelativeWithIntrinsicBounds(android.widget.TextView,int,int,int,int) -> a
android.support.v4.widget.ViewDragHelper -> android.support.v4.widget.ViewDragHelper:
    int INVALID_POINTER -> INVALID_POINTER
    int STATE_IDLE -> STATE_IDLE
    int STATE_DRAGGING -> STATE_DRAGGING
    int STATE_SETTLING -> STATE_SETTLING
    int EDGE_LEFT -> EDGE_LEFT
    int EDGE_RIGHT -> EDGE_RIGHT
    int EDGE_TOP -> EDGE_TOP
    int EDGE_BOTTOM -> EDGE_BOTTOM
    int EDGE_ALL -> EDGE_ALL
    int DIRECTION_HORIZONTAL -> DIRECTION_HORIZONTAL
    int DIRECTION_VERTICAL -> DIRECTION_VERTICAL
    int DIRECTION_ALL -> DIRECTION_ALL
    int mDragState -> a
    int mTouchSlop -> b
    int mActivePointerId -> c
    float[] mInitialMotionX -> d
    float[] mInitialMotionY -> e
    float[] mLastMotionX -> f
    float[] mLastMotionY -> g
    int[] mInitialEdgesTouched -> h
    int[] mEdgeDragsInProgress -> i
    int[] mEdgeDragsLocked -> j
    int mPointersDown -> k
    android.view.VelocityTracker mVelocityTracker -> l
    float mMaxVelocity -> m
    float mMinVelocity -> n
    int mEdgeSize -> o
    int mTrackingEdges -> p
    android.support.v4.widget.ScrollerCompat mScroller -> q
    android.support.v4.widget.ViewDragHelper$Callback mCallback -> r
    android.view.View mCapturedView -> s
    boolean mReleaseInProgress -> t
    android.view.ViewGroup mParentView -> u
    android.view.animation.Interpolator sInterpolator -> v
    java.lang.Runnable mSetIdleRunnable -> w
android.support.v4.widget.ViewDragHelper$1 -> ut:
    328:329:float getInterpolation(float) -> getInterpolation
android.support.v4.widget.ViewDragHelper$2 -> uu:
    android.support.v4.widget.ViewDragHelper this$0 -> a
    335:336:void run() -> run
android.support.v4.widget.ViewDragHelper$Callback -> android.support.v4.widget.ViewDragHelper$Callback:
    159:159:void onViewDragStateChanged(int) -> onViewDragStateChanged
    170:170:void onViewPositionChanged(android.view.View,int,int,int,int) -> onViewPositionChanged
    181:181:void onViewCaptured(android.view.View,int) -> onViewCaptured
    201:201:void onViewReleased(android.view.View,float,float) -> onViewReleased
    214:214:void onEdgeTouched(int,int) -> onEdgeTouched
    226:226:boolean onEdgeLock(int) -> onEdgeLock
    240:240:void onEdgeDragStarted(int,int) -> onEdgeDragStarted
    249:249:int getOrderedChildIndex(int) -> getOrderedChildIndex
    260:260:int getViewHorizontalDragRange(android.view.View) -> getViewHorizontalDragRange
    271:271:int getViewVerticalDragRange(android.view.View) -> getViewVerticalDragRange
    boolean tryCaptureView(android.view.View,int) -> tryCaptureView
    304:304:int clampViewPositionHorizontal(android.view.View,int,int) -> clampViewPositionHorizontal
    319:319:int clampViewPositionVertical(android.view.View,int,int) -> clampViewPositionVertical