app/unused.txt
com.namgyuworld.voca.database.VocaDBOpenHelper:
    private static final int DB_VERSION
    private static final java.lang.String DB_TABLE
com.namgyuworld.voca.service.AutoDownloadAudioService:
    private static final java.lang.String SERVICE_NAME
com.namgyuworld.voca.util.SharedPrefUtil:
    private static final java.lang.String KEY_PREF
...
android.support.v4.content.ModernAsyncTask:
    private static final java.lang.String LOG_TAG
    private static final int CORE_POOL_SIZE
    private static final int MAXIMUM_POOL_SIZE
    private static final int KEEP_ALIVE
    private static final int MESSAGE_POST_RESULT
    private static final int MESSAGE_POST_PROGRESS
    106:107:public static void init()
    111:112:public static void setDefaultExecutor(java.util.concurrent.Executor)
    169:169:public final android.support.v4.content.ModernAsyncTask$Status getStatus()
    321:321:public final java.lang.Object get()
    341:341:public final java.lang.Object get(long,java.util.concurrent.TimeUnit)
    371:371:public final varargs android.support.v4.content.ModernAsyncTask execute(java.lang.Object[])
    433:434:public static void execute(java.lang.Runnable)
    451:455:protected final varargs void publishProgress(java.lang.Object[])
android.support.v4.content.WakefulBroadcastReceiver:
    private static final java.lang.String EXTRA_WAKE_LOCK_ID
android.support.v4.content.res.ResourcesCompatApi21:
    24:24:ResourcesCompatApi21()
android.support.v4.content.res.ResourcesCompatIcsMr1:
    24:24:ResourcesCompatIcsMr1()
android.support.v4.graphics.BitmapCompatHoneycombMr1:
    23:23:BitmapCompatHoneycombMr1()
android.support.v4.graphics.BitmapCompatJellybeanMR2:
    20:20:BitmapCompatJellybeanMR2()
android.support.v4.graphics.BitmapCompatKitKat:
    23:23:BitmapCompatKitKat()
android.support.v4.graphics.ColorUtils:
    private static final int MIN_ALPHA_SEARCH_MAX_ITERATIONS
    private static final int MIN_ALPHA_SEARCH_PRECISION
android.support.v4.graphics.drawable.DrawableCompatApi22:
    24:24:DrawableCompatApi22()
android.support.v4.graphics.drawable.DrawableCompatBase:
    26:26:DrawableCompatBase()
android.support.v4.graphics.drawable.DrawableCompatHoneycomb:
    26:26:DrawableCompatHoneycomb()
android.support.v4.graphics.drawable.DrawableCompatKitKat:
    26:26:DrawableCompatKitKat()
android.support.v4.graphics.drawable.DrawableCompatLollipop:
    27:27:DrawableCompatLollipop()
android.support.v4.graphics.drawable.RoundedBitmapDrawable:
    private static final int DEFAULT_PAINT_FLAGS
android.support.v4.graphics.drawable.RoundedBitmapDrawableFactory:
    private static final java.lang.String TAG
android.support.v4.hardware.display.DisplayManagerJellybeanMr1:
    22:22:DisplayManagerJellybeanMr1()
android.support.v4.media.MediaMetadataCompat:
    private static final java.lang.String TAG
    private static final int METADATA_TYPE_LONG
    private static final int METADATA_TYPE_TEXT
    private static final int METADATA_TYPE_BITMAP
    private static final int METADATA_TYPE_RATING
android.support.v4.media.MediaMetadataCompatApi21:
    25:46:MediaMetadataCompatApi21()
android.support.v4.media.RatingCompat:
    private static final java.lang.String TAG
    private static final float RATING_NOT_RATED
android.support.v4.media.RatingCompatApi21:
    21:21:RatingCompatApi21()
android.support.v4.media.TransportPerformer:
    static final int AUDIOFOCUS_GAIN
    static final int AUDIOFOCUS_GAIN_TRANSIENT
    static final int AUDIOFOCUS_GAIN_TRANSIENT_MAY_DUCK
    static final int AUDIOFOCUS_LOSS
    static final int AUDIOFOCUS_LOSS_TRANSIENT
    static final int AUDIOFOCUS_LOSS_TRANSIENT_CAN_DUCK
android.support.v4.media.VolumeProviderCompatApi21:
    21:41:VolumeProviderCompatApi21()
    38:39:public static void setCurrentVolume(java.lang.Object,int)